<?xml version="1.0" encoding="UTF-8"?>
<!-- Generated by org.testng.reporters.JUnitReportReporter -->
<testsuite hostname="DESKTOP-SL7JA35" failures="0" tests="2" name="tests.SampleTest_2" time="7.976" errors="0" timestamp="2024-07-02T22:02:25 AEST" skipped="0">
  <testcase classname="tests.SampleTest_2" name="navigate_to_JPetStore_SignIn_page" time="5.338"/>
  <testcase classname="tests.SampleTest_2" name="navigate_to_JPetStore_SignIn_page" time="2.638"/>
</testsuite> <!-- tests.SampleTest_2 -->
