<?xml version="1.0" encoding="UTF-8"?>
<!-- Generated by org.testng.reporters.JUnitReportReporter -->
<testsuite hostname="DESKTOP-SL7JA35" failures="0" tests="3" name="tests.SampleTest" time="4.637" errors="0" timestamp="2024-06-30T11:30:04 AEST" skipped="0">
  <testcase classname="tests.SampleTest" name="navigate_to_JPetStore_SignIn_page" time="3.223"/>
  <testcase classname="tests.SampleTest" name="enter_user_credential_and_login" time="1.375"/>
  <testcase classname="tests.SampleTest" name="verifyHomePage" time="0.039"/>
</testsuite> <!-- tests.SampleTest -->
