<?xml version="1.0" encoding="UTF-8"?>
<!-- Generated by org.testng.reporters.JUnitReportReporter -->
<testsuite hostname="DESKTOP-SL7JA35" failures="0" tests="2" name="tests.SampleWebGoogleTest" time="3.283" errors="0" timestamp="2024-07-04T13:03:30 AEST" skipped="0">
  <testcase classname="tests.SampleWebGoogleTest" name="testChrome" time="1.603"/>
  <testcase classname="tests.SampleWebGoogleTest" name="performSearch" time="1.680"/>
</testsuite> <!-- tests.SampleWebGoogleTest -->
