<?xml version="1.0" encoding="UTF-8"?>
<!-- Generated by org.testng.reporters.JUnitReportReporter -->
<testsuite hostname="DESKTOP-SL7JA35" failures="0" tests="2" name="tests.SampleTest_2" time="7.081" errors="0" timestamp="2024-07-04T14:22:27 AEST" skipped="0">
  <testcase classname="tests.SampleTest_2" name="navigate_to_JPetStore_SignIn_page" time="4.566"/>
  <testcase classname="tests.SampleTest_2" name="navigate_to_JPetStore_SignIn_page" time="2.515"/>
</testsuite> <!-- tests.SampleTest_2 -->
