<?xml version="1.0" encoding="UTF-8"?>
<!-- Generated by org.testng.reporters.JUnitReportReporter -->
<testsuite hostname="DESKTOP-SL7JA35" failures="0" tests="2" name="tests.ParallelTestsUsingExcelData" time="0.002" errors="0" timestamp="2024-07-04T14:22:27 AEST" skipped="0">
  <testcase classname="tests.ParallelTestsUsingExcelData" name="testOne" time="0.001"/>
  <testcase classname="tests.ParallelTestsUsingExcelData" name="testTwo" time="0.001"/>
</testsuite> <!-- tests.ParallelTestsUsingExcelData -->
