<?xml version="1.0" encoding="UTF-8"?>
<!-- Generated by org.testng.reporters.JUnitReportReporter -->
<testsuite hostname="DESKTOP-SL7JA35" failures="0" tests="2" name="tests.SampleWebTest" time="2.793" errors="0" timestamp="2024-06-18T09:23:13 AEST" skipped="0">
  <testcase classname="tests.SampleWebTest" name="testChrome" time="1.480"/>
  <testcase classname="tests.SampleWebTest" name="performSearch" time="1.313"/>
</testsuite> <!-- tests.SampleWebTest -->
