<?xml version="1.0" encoding="UTF-8"?>
<!-- Generated by org.testng.reporters.JUnitReportReporter -->
<testsuite hostname="DESKTOP-SL7JA35" failures="0" tests="2" name="tests.SampleWebTest" time="4.580" errors="0" timestamp="2024-06-30T11:32:37 AEST" skipped="0">
  <testcase classname="tests.SampleWebTest" name="testChrome" time="1.769"/>
  <testcase classname="tests.SampleWebTest" name="performSearch" time="2.811"/>
</testsuite> <!-- tests.SampleWebTest -->
