<?xml version="1.0" encoding="UTF-8"?>
<!-- Generated by org.testng.reporters.JUnitReportReporter -->
<testsuite hostname="DESKTOP-SL7JA35" failures="0" tests="2" name="tests.SampleTest_2" time="7.445" errors="0" timestamp="2024-07-04T15:54:35 AEST" skipped="0">
  <testcase classname="tests.SampleTest_2" name="navigate_to_JPetStore_SignIn_page" time="2.578"/>
  <testcase classname="tests.SampleTest_2" name="navigate_to_JPetStore_SignIn_page" time="4.867"/>
</testsuite> <!-- tests.SampleTest_2 -->
