<?xml version="1.0" encoding="UTF-8"?>
<!-- Generated by org.testng.reporters.JUnitReportReporter -->
<testsuite hostname="DESKTOP-SL7JA35" failures="0" tests="3" name="tests.SampleTest_1" time="5.027" errors="0" timestamp="2024-07-04T15:54:35 AEST" skipped="0">
  <testcase classname="tests.SampleTest_1" name="navigate_to_JPetStore_SignIn_page" time="3.488"/>
  <testcase classname="tests.SampleTest_1" name="enter_user_credential_and_login" time="0.822"/>
  <testcase classname="tests.SampleTest_1" name="verifyHomePage" time="0.717"/>
</testsuite> <!-- tests.SampleTest_1 -->
